[0m18:34:18.923780 [debug] [MainThread]: Sending event: {'category': 'dbt', 'action': 'invocation', 'label': 'start', 'context': [<snowplow_tracker.self_describing_json.SelfDescribingJson object at 0x000001A1E43B6F50>, <snowplow_tracker.self_describing_json.SelfDescribingJson object at 0x000001A1E3130950>, <snowplow_tracker.self_describing_json.SelfDescribingJson object at 0x000001A1E43B7AD0>]}


============================== 18:34:18.948412 | aff656d5-f09b-4f7f-8173-0a75e442a129 ==============================
[0m18:34:18.948412 [info ] [MainThread]: Running with dbt=1.11.8
[0m18:34:18.949412 [debug] [MainThread]: running dbt with arguments {'static_parser': 'True', 'no_print': 'None', 'version_check': 'True', 'target_path': 'None', 'warn_error_options': 'WarnErrorOptionsV2(error=[], warn=[], silence=[])', 'printer_width': '80', 'write_json': 'True', 'empty': 'None', 'log_cache_events': 'False', 'introspect': 'True', 'cache_selected_only': 'False', 'log_format': 'default', 'debug': 'False', 'fail_fast': 'False', 'profiles_dir': 'C:\\Users\\lipto\\.dbt', 'send_anonymous_usage_stats': 'True', 'quiet': 'False', 'warn_error': 'None', 'partial_parse': 'True', 'indirect_selection': 'eager', 'use_colors': 'True', 'invocation_command': 'dbt init ats_outfit', 'use_experimental_parser': 'False', 'log_path': 'logs'}
[0m18:34:18.987423 [info ] [MainThread]: Creating dbt configuration folder at C:\Users\lipto\.dbt
[0m18:34:18.991886 [debug] [MainThread]: Starter project path: C:\Projects\smartwardrobe\dbt-env\Lib\site-packages\dbt\include\starter_project
[0m18:34:19.075122 [info ] [MainThread]: 
Your new dbt project "ats_outfit" was created!

For more information on how to configure the profiles.yml file,
please consult the dbt documentation here:

  https://docs.getdbt.com/docs/configure-your-profile

One more thing:

Need help? Don't hesitate to reach out to us via GitHub issues or on Slack:

  https://community.getdbt.com/

Happy modeling!

[0m18:34:19.076045 [info ] [MainThread]: Setting up your profile.
[0m18:35:40.728838 [info ] [MainThread]: No sample profile found for fabric.
[0m18:35:40.730830 [debug] [MainThread]: Command `dbt init` succeeded at 18:35:40.729843 after 81.89 seconds
[0m18:35:40.730830 [debug] [MainThread]: Sending event: {'category': 'dbt', 'action': 'invocation', 'label': 'end', 'context': [<snowplow_tracker.self_describing_json.SelfDescribingJson object at 0x000001A1E3391C10>, <snowplow_tracker.self_describing_json.SelfDescribingJson object at 0x000001A1E3383F10>, <snowplow_tracker.self_describing_json.SelfDescribingJson object at 0x000001A1E3130850>]}
[0m18:35:40.731830 [debug] [MainThread]: Flushing usage events
[0m18:35:41.329408 [debug] [MainThread]: An error was encountered while trying to flush usage events
